<?xml version="1.0" encoding="UTF-8"?>
<testng-results ignored="0" total="1" passed="1" failed="0" skipped="0">
  <reporter-output>
  </reporter-output>
  <suite started-at="2024-03-11T10:55:06 IST" name="Suite" finished-at="2024-03-11T10:55:15 IST" duration-ms="9246">
    <groups>
    </groups>
    <test started-at="2024-03-11T10:55:06 IST" name="Test" finished-at="2024-03-11T10:55:15 IST" duration-ms="9246">
      <class name="aprendizado.selenyum.testProject">
        <test-method signature="setup()[pri:0, instance:aprendizado.selenyum.testProject@12d3a4e9]" started-at="2024-03-11T10:55:06 IST" name="setup" finished-at="2024-03-11T10:55:15 IST" duration-ms="9210" status="PASS">
          <reporter-output>
          </reporter-output>
        </test-method> <!-- setup -->
      </class> <!-- aprendizado.selenyum.testProject -->
    </test> <!-- Test -->
  </suite> <!-- Suite -->
</testng-results>
