<?xml version="1.0" encoding="UTF-8"?>
<testng-results ignored="0" total="1" passed="1" failed="0" skipped="0">
  <reporter-output>
  </reporter-output>
  <suite started-at="2024-03-08T20:09:42 IST" name="Suite" finished-at="2024-03-08T20:09:58 IST" duration-ms="16378">
    <groups>
    </groups>
    <test started-at="2024-03-08T20:09:42 IST" name="Test" finished-at="2024-03-08T20:09:58 IST" duration-ms="16378">
      <class name="aprendizado.selenyum.testProject">
        <test-method signature="setup()[pri:0, instance:aprendizado.selenyum.testProject@28f2a10f]" started-at="2024-03-08T20:09:42 IST" name="setup" finished-at="2024-03-08T20:09:58 IST" duration-ms="16336" status="PASS">
          <reporter-output>
          </reporter-output>
        </test-method> <!-- setup -->
      </class> <!-- aprendizado.selenyum.testProject -->
    </test> <!-- Test -->
  </suite> <!-- Suite -->
</testng-results>
